Using pre-set license
Built from '2021.1/staging' branch; Version is '2021.1.7f1 (d91830b65d9b) revision 14227504'; Using compiler version '192528614'; Build Type 'Release'
OS: 'Windows 10 Home; OS build 22000.1455; Version 2009; 64bit' Language: 'en' Physical Memory: 16076 MB
BatchMode: 1, IsHumanControllingUs: 0, StartBugReporterOnCrash: 0, Is64bit: 1, IsPro: 0

 COMMAND LINE ARGUMENTS:
C:\Program Files\Unity\Hub\Editor\2021.1.7f1\Editor\Unity.exe
-adb2
-batchMode
-noUpm
-name
AssetImportWorker0
-projectPath
C:/Users/steef/Dungeon Gunner
-logFile
Logs/AssetImportWorker0.log
-srvPort
62024
Successfully changed project path to: C:/Users/steef/Dungeon Gunner
C:/Users/steef/Dungeon Gunner
Using Asset Import Pipeline V2.
Refreshing native plugins compatible for Editor in 29.98 ms, found 0 plugins.
Preloading 0 native plugins for Editor in 0.00 ms.
Initialize engine version: 2021.1.7f1 (d91830b65d9b)
[Subsystems] Discovering subsystems at path C:/Program Files/Unity/Hub/Editor/2021.1.7f1/Editor/Data/Resources/UnitySubsystems
[Subsystems] Discovering subsystems at path C:/Users/steef/Dungeon Gunner/Assets
GfxDevice: creating device client; threaded=0; jobified=0
Direct3D:
    Version:  Direct3D 11.0 [level 11.1]
    Renderer: NVIDIA GeForce RTX 3060 Laptop GPU (ID=0x2520)
    Vendor:   NVIDIA
    VRAM:     6023 MB
    Driver:   30.0.15.1278
Shader 'Universal Render Pipeline/Particles/Lit': fallback shader 'Universal Render Pipeline/Particles/SimpleLit' not found
Initialize mono
Mono path[0] = 'C:/Program Files/Unity/Hub/Editor/2021.1.7f1/Editor/Data/Managed'
Mono path[1] = 'C:/Program Files/Unity/Hub/Editor/2021.1.7f1/Editor/Data/MonoBleedingEdge/lib/mono/unityjit'
Mono config path = 'C:/Program Files/Unity/Hub/Editor/2021.1.7f1/Editor/Data/MonoBleedingEdge/etc'
Using monoOptions --debugger-agent=transport=dt_socket,embedding=1,server=y,suspend=n,address=127.0.0.1:56084
Begin MonoManager ReloadAssembly
Registering precompiled unity dll's ...
Register platform support module: C:/Program Files/Unity/Hub/Editor/2021.1.7f1/Editor/Data/PlaybackEngines/WindowsStandaloneSupport/UnityEditor.WindowsStandalone.Extensions.dll
Registered in 0.000994 seconds.
Native extension for WindowsStandalone target not found
Refreshing native plugins compatible for Editor in 31.12 ms, found 0 plugins.
Preloading 0 native plugins for Editor in 0.00 ms.
Mono: successfully reloaded assembly
- Completed reload, in  0.878 seconds
Platform modules already initialized, skipping
Registering precompiled user dll's ...
Registered in 0.000765 seconds.
Begin MonoManager ReloadAssembly
Native extension for WindowsStandalone target not found
Refreshing native plugins compatible for Editor in 32.00 ms, found 0 plugins.
Preloading 0 native plugins for Editor in 0.00 ms.
Mono: successfully reloaded assembly
- Completed reload, in  0.677 seconds
Platform modules already initialized, skipping
========================================================================
Worker process is ready to serve import requests
Shader 'Universal Render Pipeline/Particles/Lit': fallback shader 'Universal Render Pipeline/Particles/SimpleLit' not found
Launched and connected shader compiler UnityShaderCompiler.exe after 0.05 seconds
Refreshing native plugins compatible for Editor in 0.31 ms, found 0 plugins.
Preloading 0 native plugins for Editor in 0.00 ms.
Unloading 2158 Unused Serialized files (Serialized files now loaded: 0)
System memory in use before: 106.9 MB.
System memory in use after: 107.0 MB.

Unloading 14 unused Assets to reduce memory usage. Loaded Objects now: 2615.
Total: 2.723200 ms (FindLiveObjects: 0.191300 ms CreateObjectMapping: 0.077800 ms MarkObjects: 2.340800 ms  DeleteObjects: 0.111600 ms)

========================================================================
Received Import Request.
  path: Assets
  artifactKey: Guid(00000000000000001000000000000000) Importer(815301076,1909f56bfc062723c751e8b465ee728b)
Start importing Assets using Guid(00000000000000001000000000000000) Importer(815301076,1909f56bfc062723c751e8b465ee728b)  -> (artifact id: '42d402b061de3733987d63b9cc3b64de') in 0.011448 seconds 
========================================================================
Received Import Request.
  Time since last request: 7.311980 seconds.
  path: Assets/Rendering
  artifactKey: Guid(812e7e0db391b664394c1d96b387b00c) Importer(815301076,1909f56bfc062723c751e8b465ee728b)
Start importing Assets/Rendering using Guid(812e7e0db391b664394c1d96b387b00c) Importer(815301076,1909f56bfc062723c751e8b465ee728b)  -> (artifact id: '7971a707eb517902218c668139308612') in 0.005252 seconds 
========================================================================
Received Import Request.
  Time since last request: 39.384623 seconds.
  path: Assets/Rendering/New 2D Renderer Data.asset
  artifactKey: Guid(382da20594dfc4b4784451f6b680099c) Importer(815301076,1909f56bfc062723c751e8b465ee728b)
Start importing Assets/Rendering/New 2D Renderer Data.asset using Guid(382da20594dfc4b4784451f6b680099c) Importer(815301076,1909f56bfc062723c751e8b465ee728b)  -> (artifact id: '956911d7f076e10b8914b448f69dd04c') in 0.054540 seconds 
========================================================================
Received Import Request.
  Time since last request: 74.459468 seconds.
  path: Assets/Rendering/UniversalRenderPipelineAsset.asset
  artifactKey: Guid(2e7001bfac667e748963b38a4221cf18) Importer(815301076,1909f56bfc062723c751e8b465ee728b)
Start importing Assets/Rendering/UniversalRenderPipelineAsset.asset using Guid(2e7001bfac667e748963b38a4221cf18) Importer(815301076,1909f56bfc062723c751e8b465ee728b)  -> (artifact id: 'f58547519c18aa2df181a4f409219e41') in 0.008063 seconds 
========================================================================
Received Import Request.
  Time since last request: 0.000382 seconds.
  path: Assets/Rendering/UniversalRenderPipelineAsset_Renderer.asset
  artifactKey: Guid(d38caf22a50ede143982ef2e6b298be8) Importer(815301076,1909f56bfc062723c751e8b465ee728b)
Start importing Assets/Rendering/UniversalRenderPipelineAsset_Renderer.asset using Guid(d38caf22a50ede143982ef2e6b298be8) Importer(815301076,1909f56bfc062723c751e8b465ee728b)  -> (artifact id: '8ea5352f49c9909ff0afb7d6bfde887d') in 0.005193 seconds 
========================================================================
Received Prepare
Switching render pipeline 00000000000000000000000000000000 -> 2e7001bfac667e748963b38a4221cf18
Shader 'Universal Render Pipeline/Particles/Lit': fallback shader 'Universal Render Pipeline/Particles/SimpleLit' not found
Refreshing native plugins compatible for Editor in 0.89 ms, found 0 plugins.
Preloading 0 native plugins for Editor in 0.00 ms.
Unloading 6 Unused Serialized files (Serialized files now loaded: 0)
System memory in use before: 59.7 MB.
System memory in use after: 59.8 MB.

Unloading 4 unused Assets to reduce memory usage. Loaded Objects now: 2617.
Total: 2.758600 ms (FindLiveObjects: 0.122900 ms CreateObjectMapping: 0.043500 ms MarkObjects: 2.526500 ms  DeleteObjects: 0.060200 ms)

========================================================================
Received Prepare
Registering precompiled user dll's ...
Registered in 0.001052 seconds.
Begin MonoManager ReloadAssembly
Native extension for WindowsStandalone target not found
Refreshing native plugins compatible for Editor in 0.78 ms, found 0 plugins.
Preloading 0 native plugins for Editor in 0.00 ms.
Mono: successfully reloaded assembly
- Completed reload, in  0.641 seconds
Platform modules already initialized, skipping
Shader 'Universal Render Pipeline/Particles/Lit': fallback shader 'Universal Render Pipeline/Particles/SimpleLit' not found
Refreshing native plugins compatible for Editor in 0.66 ms, found 0 plugins.
Preloading 0 native plugins for Editor in 0.00 ms.
Unloading 2097 Unused Serialized files (Serialized files now loaded: 0)
System memory in use before: 103.5 MB.
System memory in use after: 103.6 MB.

Unloading 6 unused Assets to reduce memory usage. Loaded Objects now: 2620.
Total: 2.278700 ms (FindLiveObjects: 0.148600 ms CreateObjectMapping: 0.053500 ms MarkObjects: 2.010500 ms  DeleteObjects: 0.065100 ms)

========================================================================
Received Import Request.
  Time since last request: 724.409757 seconds.
  path: Assets/CourseAssets
  artifactKey: Guid(26124588896f3804da1e87dd6d404eac) Importer(815301076,1909f56bfc062723c751e8b465ee728b)
Start importing Assets/CourseAssets using Guid(26124588896f3804da1e87dd6d404eac) Importer(815301076,1909f56bfc062723c751e8b465ee728b)  -> (artifact id: '834ae94d3f05e4b53b8ca55b51dbe810') in 0.010692 seconds 
========================================================================
Received Import Request.
  Time since last request: 1.757683 seconds.
  path: Assets/CourseAssets/Animation
  artifactKey: Guid(5f1cf91b8b0a2ef4d9ca80f159deceaf) Importer(815301076,1909f56bfc062723c751e8b465ee728b)
Start importing Assets/CourseAssets/Animation using Guid(5f1cf91b8b0a2ef4d9ca80f159deceaf) Importer(815301076,1909f56bfc062723c751e8b465ee728b)  -> (artifact id: '6fb58d30d5088a096cfba28fcc178622') in 0.006753 seconds 
========================================================================
Received Import Request.
  Time since last request: 0.973728 seconds.
  path: Assets/CourseAssets/Animation/Bosses
  artifactKey: Guid(6a06d0651dcee0541a6e5156b7682279) Importer(815301076,1909f56bfc062723c751e8b465ee728b)
Start importing Assets/CourseAssets/Animation/Bosses using Guid(6a06d0651dcee0541a6e5156b7682279) Importer(815301076,1909f56bfc062723c751e8b465ee728b)  -> (artifact id: '08fdbe01e53fa19ad7d2ebf0d4ed81bb') in 0.005599 seconds 
========================================================================
Received Import Request.
  Time since last request: 0.795582 seconds.
  path: Assets/CourseAssets/Animation/Bosses/SkullFace
  artifactKey: Guid(151d86efc6d3e384c8843fe806172c4b) Importer(815301076,1909f56bfc062723c751e8b465ee728b)
Start importing Assets/CourseAssets/Animation/Bosses/SkullFace using Guid(151d86efc6d3e384c8843fe806172c4b) Importer(815301076,1909f56bfc062723c751e8b465ee728b)  -> (artifact id: '8b9a0ad51db693621c14b4021a110deb') in 0.006362 seconds 
========================================================================
Received Import Request.
  Time since last request: 1.180427 seconds.
  path: Assets/CourseAssets/Animation/Bosses/SkullFace/SkullFaceIdleDown.anim
  artifactKey: Guid(4cca1243d6d2cb64ea06f5ab5665abe3) Importer(815301076,1909f56bfc062723c751e8b465ee728b)
Start importing Assets/CourseAssets/Animation/Bosses/SkullFace/SkullFaceIdleDown.anim using Guid(4cca1243d6d2cb64ea06f5ab5665abe3) Importer(815301076,1909f56bfc062723c751e8b465ee728b)  -> (artifact id: '00aabdad6536ecf0b93b792b28acb6c1') in 0.026788 seconds 
========================================================================
Received Import Request.
  Time since last request: 1.060439 seconds.
  path: Assets/CourseAssets/Animation/Bosses/SkullFace/SkullFaceIdleLeft.anim
  artifactKey: Guid(db3c4c3ea5e2f344490a3afacb3e7367) Importer(815301076,1909f56bfc062723c751e8b465ee728b)
Start importing Assets/CourseAssets/Animation/Bosses/SkullFace/SkullFaceIdleLeft.anim using Guid(db3c4c3ea5e2f344490a3afacb3e7367) Importer(815301076,1909f56bfc062723c751e8b465ee728b)  -> (artifact id: '6a8413108c1efa7f855d2a0600c2c6a6') in 0.007296 seconds 
========================================================================
Received Import Request.
  Time since last request: 0.813402 seconds.
  path: Assets/CourseAssets/Animation/Bosses/SkullFace/SkullFaceIdleUp.anim
  artifactKey: Guid(2f18f92d7c542a649bbce296167d77b4) Importer(815301076,1909f56bfc062723c751e8b465ee728b)
Start importing Assets/CourseAssets/Animation/Bosses/SkullFace/SkullFaceIdleUp.anim using Guid(2f18f92d7c542a649bbce296167d77b4) Importer(815301076,1909f56bfc062723c751e8b465ee728b)  -> (artifact id: 'ce1473ed5bce7d81813fde41860cbadb') in 0.006577 seconds 
